<?xml version="1.0" encoding="UTF-8"?>
<!-- Generated by org.testng.reporters.JUnitReportReporter -->
<testsuite skipped="0" hostname="SON04601" name="DataDrivenTest.DataDrivenTest_AddNewEmployees" tests="3" failures="0" timestamp="2020-05-01T15:28:10 EDT" time="2.566" errors="0">
  <testcase name="addNewEmployees" time="0.374" classname="DataDrivenTest.DataDrivenTest_AddNewEmployees"/>
  <system-out/>
  <testcase name="addNewEmployees" time="0.394" classname="DataDrivenTest.DataDrivenTest_AddNewEmployees"/>
  <system-out/>
  <testcase name="addNewEmployees" time="1.798" classname="DataDrivenTest.DataDrivenTest_AddNewEmployees"/>
  <system-out/>
</testsuite> <!-- DataDrivenTest.DataDrivenTest_AddNewEmployees -->
