<?xml version="1.0" encoding="UTF-8"?>
<!-- Generated by org.testng.reporters.JUnitReportReporter -->
<testsuite skipped="0" hostname="SON04601" name="API.TC003_GET_Request" tests="1" failures="0" timestamp="2020-04-30T15:12:36 EDT" time="2.489" errors="0">
  <testcase name="googleMapTest" time="2.489" classname="API.TC003_GET_Request"/>
  <system-out/>
</testsuite> <!-- API.TC003_GET_Request -->
