<?xml version="1.0" encoding="UTF-8"?>
<!-- Generated by org.testng.reporters.JUnitReportReporter -->
<testsuite skipped="0" hostname="SON04601" name="API.TC007_GET_Request_Authorization" tests="1" failures="0" timestamp="2020-04-30T17:49:18 EDT" time="1.792" errors="0">
  <testcase name="Authorization" time="1.792" classname="API.TC007_GET_Request_Authorization"/>
  <system-out/>
</testsuite> <!-- API.TC007_GET_Request_Authorization -->
