<?xml version="1.0" encoding="UTF-8"?>
<!-- Generated by org.testng.reporters.JUnitReportReporter -->
<testsuite skipped="0" hostname="SON04601" name="DataDrivenTest.DataDrivenTest_AddNewEmployees" tests="5" failures="0" timestamp="2020-05-01T17:22:23 EDT" time="7.937" errors="0">
  <testcase name="addNewEmployees" time="1.920" classname="DataDrivenTest.DataDrivenTest_AddNewEmployees"/>
  <system-out/>
  <testcase name="addNewEmployees" time="4.556" classname="DataDrivenTest.DataDrivenTest_AddNewEmployees"/>
  <system-out/>
  <testcase name="addNewEmployees" time="0.503" classname="DataDrivenTest.DataDrivenTest_AddNewEmployees"/>
  <system-out/>
  <testcase name="addNewEmployees" time="0.482" classname="DataDrivenTest.DataDrivenTest_AddNewEmployees"/>
  <system-out/>
  <testcase name="addNewEmployees" time="0.476" classname="DataDrivenTest.DataDrivenTest_AddNewEmployees"/>
  <system-out/>
</testsuite> <!-- DataDrivenTest.DataDrivenTest_AddNewEmployees -->
