<?xml version="1.0" encoding="UTF-8"?>
<!-- Generated by org.testng.reporters.JUnitReportReporter -->
<testsuite skipped="0" hostname="SON04601" name="API.TC004_GET_Request_AllHeaders" tests="1" failures="0" timestamp="2020-04-30T16:57:59 EDT" time="2.620" errors="0">
  <testcase name="GetWeatherDetails" time="2.620" classname="API.TC004_GET_Request_AllHeaders"/>
  <system-out/>
</testsuite> <!-- API.TC004_GET_Request_AllHeaders -->
