<?xml version="1.0" encoding="UTF-8"?>
<!-- Generated by org.testng.reporters.JUnitReportReporter -->
<testsuite skipped="0" hostname="SON04601" name="API.TC002_POST_Request" tests="1" failures="0" timestamp="2020-04-30T15:16:22 EDT" time="1.575" errors="0">
  <testcase name="RegistrationSuccessful" time="1.575" classname="API.TC002_POST_Request"/>
  <system-out/>
</testsuite> <!-- API.TC002_POST_Request -->
